TN:
SF:src/container.ts
FN:11,(anonymous_0)
FNF:1
FNH:1
FNDA:7,(anonymous_0)
DA:1,2
DA:3,2
DA:4,2
DA:5,2
DA:7,7
DA:8,7
DA:9,7
DA:13,7
DA:14,1
DA:16,6
DA:19,6
DA:20,5
DA:22,1
DA:25,5
DA:26,1
LF:15
LH:15
BRDA:13,0,0,1
BRDA:13,0,1,6
BRDA:19,1,0,5
BRDA:19,1,1,1
BRDA:25,2,0,1
BRF:5
BRH:5
end_of_record
TN:
SF:src/plan.ts
FN:3,(anonymous_0)
FN:8,(anonymous_1)
FN:16,(anonymous_2)
FN:23,(anonymous_3)
FN:41,(anonymous_4)
FN:49,(anonymous_5)
FNF:6
FNH:6
FNDA:2,(anonymous_0)
FNDA:2,(anonymous_1)
FNDA:1,(anonymous_2)
FNDA:1,(anonymous_3)
FNDA:2,(anonymous_4)
FNDA:2,(anonymous_5)
DA:3,1
DA:6,2
DA:9,2
DA:11,2
DA:12,1
DA:13,1
DA:16,1
DA:17,1
DA:18,1
DA:19,1
DA:25,1
DA:26,1
DA:29,1
DA:31,1
DA:32,2
DA:33,2
DA:35,1
DA:37,1
DA:38,1
DA:41,1
DA:42,2
DA:46,1
DA:50,2
DA:51,2
DA:52,4
DA:53,4
DA:55,2
LF:27
LH:27
BRDA:11,0,0,1
BRDA:11,1,0,2
BRDA:11,1,1,2
BRDA:53,2,0,3
BRDA:53,2,1,1
BRF:5
BRH:5
end_of_record
TN:
SF:src/ship.ts
FN:12,(anonymous_0)
FN:33,(anonymous_1)
FN:37,(anonymous_2)
FN:41,(anonymous_3)
FNF:4
FNH:4
FNDA:19,(anonymous_0)
FNDA:2,(anonymous_1)
FNDA:2,(anonymous_2)
FNDA:1,(anonymous_3)
DA:3,1
DA:5,19
DA:6,19
DA:7,19
DA:8,19
DA:10,19
DA:14,19
DA:15,1
DA:17,18
DA:18,2
DA:20,16
DA:21,2
DA:23,14
DA:24,3
DA:27,11
DA:28,11
DA:29,11
DA:30,11
DA:34,2
DA:38,2
DA:42,1
DA:43,1
DA:44,1
DA:45,1
LF:24
LH:24
BRDA:14,0,0,1
BRDA:17,1,0,2
BRDA:17,2,0,18
BRDA:17,2,1,17
BRDA:20,3,0,2
BRDA:20,4,0,16
BRDA:20,4,1,15
BRDA:23,5,0,3
BRDA:23,6,0,14
BRDA:23,6,1,13
BRDA:23,6,2,12
BRF:11
BRH:11
end_of_record
TN:
SF:src/shipment.ts
FN:8,(anonymous_0)
FN:14,(anonymous_1)
FN:17,(anonymous_2)
FN:21,(anonymous_3)
FN:23,(anonymous_4)
FN:26,(anonymous_5)
FN:28,(anonymous_6)
FN:31,(anonymous_7)
FN:35,(anonymous_8)
FN:43,(anonymous_9)
FN:44,(anonymous_10)
FN:47,(anonymous_11)
FNF:12
FNH:9
FNDA:6,(anonymous_0)
FNDA:3,(anonymous_1)
FNDA:0,(anonymous_2)
FNDA:4,(anonymous_3)
FNDA:0,(anonymous_4)
FNDA:3,(anonymous_5)
FNDA:0,(anonymous_6)
FNDA:2,(anonymous_7)
FNDA:2,(anonymous_8)
FNDA:9,(anonymous_9)
FNDA:9,(anonymous_10)
FNDA:1,(anonymous_11)
DA:8,1
DA:10,6
DA:11,6
DA:12,6
DA:15,3
DA:17,3
DA:22,4
DA:23,4
DA:27,3
DA:28,3
DA:32,2
DA:36,2
DA:37,2
DA:38,2
DA:39,2
DA:40,2
DA:44,9
DA:48,1
DA:49,1
DA:50,1
DA:52,1
DA:53,1
DA:54,1
LF:23
LH:23
BRDA:32,0,0,2
BRDA:32,0,1,1
BRDA:32,0,2,1
BRF:3
BRH:3
end_of_record
